Arguments: 
  D:\Nodejs\node.exe D:\Yarn\bin\yarn.js add jquer

PATH: 
  D:\Cmder\vendor\git-for-windows\mingw64\bin;D:\Cmder\vendor\git-for-windows\usr\bin;C:\Users\rensh\bin;C:\Program Files (x86)\Intel\Intel(R) Management Engine Components\iCLS;C:\Program Files\Intel\Intel(R) Management Engine Components\iCLS;C:\Program Files (x86)\Common Files\Intel\Shared Libraries\redist\intel64\compiler;C:\Windows\system32;C:\Windows;C:\Windows\System32\Wbem;C:\Windows\System32\WindowsPowerShell\v1.0;C:\Program Files (x86)\NVIDIA Corporation\PhysX\Common;C:\Program Files\Intel\WiFi\bin;C:\Program Files\Common Files\Intel\WirelessCommon;C:\WINDOWS\system32;C:\WINDOWS;C:\WINDOWS\System32\Wbem;C:\WINDOWS\System32\WindowsPowerShell\v1.0;C:\WINDOWS\System32\OpenSSH;D:\Java\JDK\bi;D:\Java\JDK\jre\bin";.;D:\Java\JDK\bin;D:\Java\JDK\jre\bin;C:\Program Files (x86)\Intel\Intel(R) Management Engine Components\DAL;C:\Program Files\Intel\Intel(R) Management Engine Components\DAL;C:\Program Files (x86)\Intel\Intel(R) Management Engine Components\IPT;C:\Program Files\Intel\Intel(R) Management Engine Components\IPT;C:\Program Files\NVIDIA Corporation\NVIDIA NvDLISR;C:\WINDOWS\system32;C:\WINDOWS;C:\WINDOWS\System32\Wbem;C:\WINDOWS\System32\WindowsPowerShell\v1.0;C:\WINDOWS\System32\OpenSSH;D:\Nodejs\";â;.;D:\Cmder\vendor\git-for-windows\Windows\SysWOW64”";.;D:\Cmder\vendor\git-for-windows\Nodejs;D:\Yarn\bin;D:\Cmder\Git\Git\cmd;D:\Nodejs;C:\Users\rensh\AppData\Local\Microsoft\WindowsApps;C:\Users\rensh\AppData\Local\Yarn\bin;C:\Users\rensh\AppData\Local\GitHubDesktop\bin;C:\Users\rensh\AppData\Local\Microsoft\WindowsApps;C:\Users\rensh\AppData\Roaming\npm;D:\Software\Microsoft VS Code\bin

Yarn version: 
  1.21.1

Node version: 
  12.16.1

Platform: 
  win32 x64

Trace: 
  Error: https://registry.npm.taobao.org/jquer: Not found
      at Request.params.callback [as _callback] (D:\Yarn\lib\cli.js:66056:18)
      at Request.self.callback (D:\Yarn\lib\cli.js:140665:22)
      at Request.emit (events.js:311:20)
      at Request.<anonymous> (D:\Yarn\lib\cli.js:141637:10)
      at Request.emit (events.js:311:20)
      at IncomingMessage.<anonymous> (D:\Yarn\lib\cli.js:141559:12)
      at Object.onceWrapper (events.js:417:28)
      at IncomingMessage.emit (events.js:323:22)
      at endReadableNT (_stream_readable.js:1204:12)
      at processTicksAndRejections (internal/process/task_queues.js:84:21)

npm manifest: 
  {
    "name": "MVC-test",
    "version": "1.0.0",
    "main": "index.js",
    "license": "MIT"
  }

yarn manifest: 
  No manifest

Lockfile: 
  No lockfile
